running egg_info
creating ../../build/elke_ai/elke_ai.egg-info
writing ../../build/elke_ai/elke_ai.egg-info/PKG-INFO
writing dependency_links to ../../build/elke_ai/elke_ai.egg-info/dependency_links.txt
writing requirements to ../../build/elke_ai/elke_ai.egg-info/requires.txt
writing top-level names to ../../build/elke_ai/elke_ai.egg-info/top_level.txt
writing manifest file '../../build/elke_ai/elke_ai.egg-info/SOURCES.txt'
reading manifest file '../../build/elke_ai/elke_ai.egg-info/SOURCES.txt'
writing manifest file '../../build/elke_ai/elke_ai.egg-info/SOURCES.txt'
running build
running build_py
creating /home/master/Elke/ros2_ws/build/elke_ai/build
creating /home/master/Elke/ros2_ws/build/elke_ai/build/lib
creating /home/master/Elke/ros2_ws/build/elke_ai/build/lib/elke_ai
copying elke_ai/__init__.py -> /home/master/Elke/ros2_ws/build/elke_ai/build/lib/elke_ai
running install
running install_lib
creating /home/master/Elke/ros2_ws/install/elke_ai/lib/python3.12/site-packages/elke_ai
copying /home/master/Elke/ros2_ws/build/elke_ai/build/lib/elke_ai/__init__.py -> /home/master/Elke/ros2_ws/install/elke_ai/lib/python3.12/site-packages/elke_ai
byte-compiling /home/master/Elke/ros2_ws/install/elke_ai/lib/python3.12/site-packages/elke_ai/__init__.py to __init__.cpython-312.pyc
running install_data
creating /home/master/Elke/ros2_ws/install/elke_ai/share/ament_index
creating /home/master/Elke/ros2_ws/install/elke_ai/share/ament_index/resource_index
creating /home/master/Elke/ros2_ws/install/elke_ai/share/ament_index/resource_index/packages
copying resource/elke_ai -> /home/master/Elke/ros2_ws/install/elke_ai/share/ament_index/resource_index/packages
copying package.xml -> /home/master/Elke/ros2_ws/install/elke_ai/share/elke_ai
running install_egg_info
Copying ../../build/elke_ai/elke_ai.egg-info to /home/master/Elke/ros2_ws/install/elke_ai/lib/python3.12/site-packages/elke_ai-0.0.0-py3.12.egg-info
running install_scripts
writing list of installed files to '/home/master/Elke/ros2_ws/build/elke_ai/install.log'
