[0.943s] Invoking command in '/home/master/Elke/ros2_ws/src/elke_ai': DEBUGINFOD_URLS=https://debuginfod.ubuntu.com PYTHONPATH=/home/master/Elke/ros2_ws/build/elke_ai/prefix_override:/usr/lib/python3/dist-packages/colcon_core/task/python/colcon_distutils_commands:/home/master/Elke/ros2_ws/install/elke_ai/lib/python3.12/site-packages:${PYTHONPATH} /usr/bin/python3 -W ignore:setup.py install is deprecated -W ignore:easy_install command is deprecated setup.py egg_info --egg-base ../../build/elke_ai build --build-base /home/master/Elke/ros2_ws/build/elke_ai/build install --record /home/master/Elke/ros2_ws/build/elke_ai/install.log --single-version-externally-managed install_data
[1.073s] running egg_info
[1.073s] creating ../../build/elke_ai/elke_ai.egg-info
[1.082s] writing ../../build/elke_ai/elke_ai.egg-info/PKG-INFO
[1.082s] writing dependency_links to ../../build/elke_ai/elke_ai.egg-info/dependency_links.txt
[1.082s] writing requirements to ../../build/elke_ai/elke_ai.egg-info/requires.txt
[1.082s] writing top-level names to ../../build/elke_ai/elke_ai.egg-info/top_level.txt
[1.082s] writing manifest file '../../build/elke_ai/elke_ai.egg-info/SOURCES.txt'
[1.099s] reading manifest file '../../build/elke_ai/elke_ai.egg-info/SOURCES.txt'
[1.100s] writing manifest file '../../build/elke_ai/elke_ai.egg-info/SOURCES.txt'
[1.100s] running build
[1.100s] running build_py
[1.100s] creating /home/master/Elke/ros2_ws/build/elke_ai/build
[1.100s] creating /home/master/Elke/ros2_ws/build/elke_ai/build/lib
[1.100s] creating /home/master/Elke/ros2_ws/build/elke_ai/build/lib/elke_ai
[1.100s] copying elke_ai/__init__.py -> /home/master/Elke/ros2_ws/build/elke_ai/build/lib/elke_ai
[1.100s] running install
[1.103s] running install_lib
[1.112s] creating /home/master/Elke/ros2_ws/install/elke_ai/lib/python3.12/site-packages/elke_ai
[1.112s] copying /home/master/Elke/ros2_ws/build/elke_ai/build/lib/elke_ai/__init__.py -> /home/master/Elke/ros2_ws/install/elke_ai/lib/python3.12/site-packages/elke_ai
[1.113s] byte-compiling /home/master/Elke/ros2_ws/install/elke_ai/lib/python3.12/site-packages/elke_ai/__init__.py to __init__.cpython-312.pyc
[1.113s] running install_data
[1.113s] creating /home/master/Elke/ros2_ws/install/elke_ai/share/ament_index
[1.113s] creating /home/master/Elke/ros2_ws/install/elke_ai/share/ament_index/resource_index
[1.113s] creating /home/master/Elke/ros2_ws/install/elke_ai/share/ament_index/resource_index/packages
[1.113s] copying resource/elke_ai -> /home/master/Elke/ros2_ws/install/elke_ai/share/ament_index/resource_index/packages
[1.113s] copying package.xml -> /home/master/Elke/ros2_ws/install/elke_ai/share/elke_ai
[1.113s] running install_egg_info
[1.122s] Copying ../../build/elke_ai/elke_ai.egg-info to /home/master/Elke/ros2_ws/install/elke_ai/lib/python3.12/site-packages/elke_ai-0.0.0-py3.12.egg-info
[1.123s] running install_scripts
[1.190s] writing list of installed files to '/home/master/Elke/ros2_ws/build/elke_ai/install.log'
[1.202s] Invoked command in '/home/master/Elke/ros2_ws/src/elke_ai' returned '0': DEBUGINFOD_URLS=https://debuginfod.ubuntu.com PYTHONPATH=/home/master/Elke/ros2_ws/build/elke_ai/prefix_override:/usr/lib/python3/dist-packages/colcon_core/task/python/colcon_distutils_commands:/home/master/Elke/ros2_ws/install/elke_ai/lib/python3.12/site-packages:${PYTHONPATH} /usr/bin/python3 -W ignore:setup.py install is deprecated -W ignore:easy_install command is deprecated setup.py egg_info --egg-base ../../build/elke_ai build --build-base /home/master/Elke/ros2_ws/build/elke_ai/build install --record /home/master/Elke/ros2_ws/build/elke_ai/install.log --single-version-externally-managed install_data
