[4.314s] Invoking command in '/home/master/Elke/ros2_ws/src/audio': DEBUGINFOD_URLS=https://debuginfod.ubuntu.com PYTHONPATH=/home/master/Elke/ros2_ws/build/audio/prefix_override:/usr/lib/python3/dist-packages/colcon_core/task/python/colcon_distutils_commands:/home/master/Elke/ros2_ws/install/audio/lib/python3.12/site-packages:${PYTHONPATH} /usr/bin/python3 -W ignore:setup.py install is deprecated -W ignore:easy_install command is deprecated setup.py egg_info --egg-base ../../build/audio build --build-base /home/master/Elke/ros2_ws/build/audio/build install --record /home/master/Elke/ros2_ws/build/audio/install.log --single-version-externally-managed install_data
[4.461s] running egg_info
[4.461s] creating ../../build/audio/audio.egg-info
[4.472s] writing ../../build/audio/audio.egg-info/PKG-INFO
[4.472s] writing dependency_links to ../../build/audio/audio.egg-info/dependency_links.txt
[4.472s] writing requirements to ../../build/audio/audio.egg-info/requires.txt
[4.472s] writing top-level names to ../../build/audio/audio.egg-info/top_level.txt
[4.472s] writing manifest file '../../build/audio/audio.egg-info/SOURCES.txt'
[4.489s] reading manifest file '../../build/audio/audio.egg-info/SOURCES.txt'
[4.489s] adding license file 'LICENSE'
[4.490s] writing manifest file '../../build/audio/audio.egg-info/SOURCES.txt'
[4.490s] running build
[4.490s] running build_py
[4.490s] creating /home/master/Elke/ros2_ws/build/audio/build
[4.490s] creating /home/master/Elke/ros2_ws/build/audio/build/lib
[4.490s] creating /home/master/Elke/ros2_ws/build/audio/build/lib/audio
[4.490s] copying audio/stt_whisper_node.py -> /home/master/Elke/ros2_ws/build/audio/build/lib/audio
[4.490s] copying audio/__init__.py -> /home/master/Elke/ros2_ws/build/audio/build/lib/audio
[4.490s] copying audio/elke_listener.py -> /home/master/Elke/ros2_ws/build/audio/build/lib/audio
[4.490s] copying audio/voice_session_manager.py -> /home/master/Elke/ros2_ws/build/audio/build/lib/audio
[4.490s] running install
[4.494s] running install_lib
[4.502s] creating /home/master/Elke/ros2_ws/install/audio/lib/python3.12/site-packages/audio
[4.502s] copying /home/master/Elke/ros2_ws/build/audio/build/lib/audio/stt_whisper_node.py -> /home/master/Elke/ros2_ws/install/audio/lib/python3.12/site-packages/audio
[4.503s] copying /home/master/Elke/ros2_ws/build/audio/build/lib/audio/__init__.py -> /home/master/Elke/ros2_ws/install/audio/lib/python3.12/site-packages/audio
[4.503s] copying /home/master/Elke/ros2_ws/build/audio/build/lib/audio/elke_listener.py -> /home/master/Elke/ros2_ws/install/audio/lib/python3.12/site-packages/audio
[4.503s] copying /home/master/Elke/ros2_ws/build/audio/build/lib/audio/voice_session_manager.py -> /home/master/Elke/ros2_ws/install/audio/lib/python3.12/site-packages/audio
[4.503s] byte-compiling /home/master/Elke/ros2_ws/install/audio/lib/python3.12/site-packages/audio/stt_whisper_node.py to stt_whisper_node.cpython-312.pyc
[4.504s] byte-compiling /home/master/Elke/ros2_ws/install/audio/lib/python3.12/site-packages/audio/__init__.py to __init__.cpython-312.pyc
[4.504s] byte-compiling /home/master/Elke/ros2_ws/install/audio/lib/python3.12/site-packages/audio/elke_listener.py to elke_listener.cpython-312.pyc
[4.504s] byte-compiling /home/master/Elke/ros2_ws/install/audio/lib/python3.12/site-packages/audio/voice_session_manager.py to voice_session_manager.cpython-312.pyc
[4.504s] running install_data
[4.504s] creating /home/master/Elke/ros2_ws/install/audio/share/ament_index
[4.504s] creating /home/master/Elke/ros2_ws/install/audio/share/ament_index/resource_index
[4.505s] creating /home/master/Elke/ros2_ws/install/audio/share/ament_index/resource_index/packages
[4.505s] copying resource/audio -> /home/master/Elke/ros2_ws/install/audio/share/ament_index/resource_index/packages
[4.505s] copying package.xml -> /home/master/Elke/ros2_ws/install/audio/share/audio
[4.505s] running install_egg_info
[4.514s] Copying ../../build/audio/audio.egg-info to /home/master/Elke/ros2_ws/install/audio/lib/python3.12/site-packages/audio-0.0.0-py3.12.egg-info
[4.514s] running install_scripts
[4.582s] writing list of installed files to '/home/master/Elke/ros2_ws/build/audio/install.log'
[4.594s] Invoked command in '/home/master/Elke/ros2_ws/src/audio' returned '0': DEBUGINFOD_URLS=https://debuginfod.ubuntu.com PYTHONPATH=/home/master/Elke/ros2_ws/build/audio/prefix_override:/usr/lib/python3/dist-packages/colcon_core/task/python/colcon_distutils_commands:/home/master/Elke/ros2_ws/install/audio/lib/python3.12/site-packages:${PYTHONPATH} /usr/bin/python3 -W ignore:setup.py install is deprecated -W ignore:easy_install command is deprecated setup.py egg_info --egg-base ../../build/audio build --build-base /home/master/Elke/ros2_ws/build/audio/build install --record /home/master/Elke/ros2_ws/build/audio/install.log --single-version-externally-managed install_data
