[0.559s] DEBUG:colcon:Command line arguments: ['/usr/bin/colcon', 'build', '--symlink-install']
[0.559s] DEBUG:colcon:Parsed command line arguments: Namespace(log_base=None, log_level=None, verb_name='build', build_base='build', install_base='install', merge_install=False, symlink_install=True, test_result_base=None, continue_on_error=False, executor='parallel', parallel_workers=16, event_handlers=None, ignore_user_meta=False, metas=['./colcon.meta'], base_paths=['.'], packages_ignore=None, packages_ignore_regex=None, paths=None, packages_up_to=None, packages_up_to_regex=None, packages_above=None, packages_above_and_dependencies=None, packages_above_depth=None, packages_select_by_dep=None, packages_skip_by_dep=None, packages_skip_up_to=None, packages_select_build_failed=False, packages_skip_build_finished=False, packages_select_test_failures=False, packages_skip_test_passed=False, packages_select=None, packages_skip=None, packages_select_regex=None, packages_skip_regex=None, packages_start=None, packages_end=None, allow_overriding=[], cmake_args=None, cmake_target=None, cmake_target_skip_unavailable=False, cmake_clean_cache=False, cmake_clean_first=False, cmake_force_configure=False, ament_cmake_args=None, catkin_cmake_args=None, catkin_skip_building_tests=False, verb_parser=<colcon_defaults.argument_parser.defaults.DefaultArgumentsDecorator object at 0x72acfc7843b0>, verb_extension=<colcon_core.verb.build.BuildVerb object at 0x72acfc8f5070>, main=<bound method BuildVerb.main of <colcon_core.verb.build.BuildVerb object at 0x72acfc8f5070>>)
[1.049s] Level 1:colcon.colcon_core.package_discovery:discover_packages(colcon_meta) check parameters
[1.049s] Level 1:colcon.colcon_core.package_discovery:discover_packages(recursive) check parameters
[1.049s] Level 1:colcon.colcon_core.package_discovery:discover_packages(ignore) check parameters
[1.049s] Level 1:colcon.colcon_core.package_discovery:discover_packages(path) check parameters
[1.049s] Level 1:colcon.colcon_core.package_discovery:discover_packages(colcon_meta) discover
[1.049s] Level 1:colcon.colcon_core.package_discovery:discover_packages(recursive) discover
[1.049s] INFO:colcon.colcon_core.package_discovery:Crawling recursively for packages in '/home/master/Elke/ros2_ws'
[1.049s] Level 1:colcon.colcon_core.package_identification:_identify(.) by extensions ['ignore', 'ignore_ament_install']
[1.049s] Level 1:colcon.colcon_core.package_identification:_identify(.) by extension 'ignore'
[1.049s] Level 1:colcon.colcon_core.package_identification:_identify(.) by extension 'ignore_ament_install'
[1.049s] Level 1:colcon.colcon_core.package_identification:_identify(.) by extensions ['colcon_pkg']
[1.049s] Level 1:colcon.colcon_core.package_identification:_identify(.) by extension 'colcon_pkg'
[1.049s] Level 1:colcon.colcon_core.package_identification:_identify(.) by extensions ['colcon_meta']
[1.049s] Level 1:colcon.colcon_core.package_identification:_identify(.) by extension 'colcon_meta'
[1.049s] Level 1:colcon.colcon_core.package_identification:_identify(.) by extensions ['ros']
[1.049s] Level 1:colcon.colcon_core.package_identification:_identify(.) by extension 'ros'
[1.091s] Level 1:colcon.colcon_core.package_identification:_identify(.) by extensions ['cmake', 'python']
[1.091s] Level 1:colcon.colcon_core.package_identification:_identify(.) by extension 'cmake'
[1.091s] Level 1:colcon.colcon_core.package_identification:_identify(.) by extension 'python'
[1.091s] Level 1:colcon.colcon_core.package_identification:_identify(.) by extensions ['python_setup_py']
[1.091s] Level 1:colcon.colcon_core.package_identification:_identify(.) by extension 'python_setup_py'
[1.091s] Level 1:colcon.colcon_core.package_identification:_identify(build) by extensions ['ignore', 'ignore_ament_install']
[1.091s] Level 1:colcon.colcon_core.package_identification:_identify(build) by extension 'ignore'
[1.091s] Level 1:colcon.colcon_core.package_identification:_identify(build) ignored
[1.091s] Level 1:colcon.colcon_core.package_identification:_identify(install) by extensions ['ignore', 'ignore_ament_install']
[1.091s] Level 1:colcon.colcon_core.package_identification:_identify(install) by extension 'ignore'
[1.091s] Level 1:colcon.colcon_core.package_identification:_identify(install) ignored
[1.091s] Level 1:colcon.colcon_core.package_identification:_identify(log) by extensions ['ignore', 'ignore_ament_install']
[1.091s] Level 1:colcon.colcon_core.package_identification:_identify(log) by extension 'ignore'
[1.091s] Level 1:colcon.colcon_core.package_identification:_identify(log) ignored
[1.092s] Level 1:colcon.colcon_core.package_identification:_identify(src) by extensions ['ignore', 'ignore_ament_install']
[1.092s] Level 1:colcon.colcon_core.package_identification:_identify(src) by extension 'ignore'
[1.092s] Level 1:colcon.colcon_core.package_identification:_identify(src) by extension 'ignore_ament_install'
[1.092s] Level 1:colcon.colcon_core.package_identification:_identify(src) by extensions ['colcon_pkg']
[1.092s] Level 1:colcon.colcon_core.package_identification:_identify(src) by extension 'colcon_pkg'
[1.092s] Level 1:colcon.colcon_core.package_identification:_identify(src) by extensions ['colcon_meta']
[1.092s] Level 1:colcon.colcon_core.package_identification:_identify(src) by extension 'colcon_meta'
[1.092s] Level 1:colcon.colcon_core.package_identification:_identify(src) by extensions ['ros']
[1.092s] Level 1:colcon.colcon_core.package_identification:_identify(src) by extension 'ros'
[1.092s] Level 1:colcon.colcon_core.package_identification:_identify(src) by extensions ['cmake', 'python']
[1.092s] Level 1:colcon.colcon_core.package_identification:_identify(src) by extension 'cmake'
[1.092s] Level 1:colcon.colcon_core.package_identification:_identify(src) by extension 'python'
[1.092s] Level 1:colcon.colcon_core.package_identification:_identify(src) by extensions ['python_setup_py']
[1.092s] Level 1:colcon.colcon_core.package_identification:_identify(src) by extension 'python_setup_py'
[1.092s] Level 1:colcon.colcon_core.package_identification:_identify(src/elke_ai) by extensions ['ignore', 'ignore_ament_install']
[1.092s] Level 1:colcon.colcon_core.package_identification:_identify(src/elke_ai) by extension 'ignore'
[1.092s] Level 1:colcon.colcon_core.package_identification:_identify(src/elke_ai) by extension 'ignore_ament_install'
[1.092s] Level 1:colcon.colcon_core.package_identification:_identify(src/elke_ai) by extensions ['colcon_pkg']
[1.092s] Level 1:colcon.colcon_core.package_identification:_identify(src/elke_ai) by extension 'colcon_pkg'
[1.092s] Level 1:colcon.colcon_core.package_identification:_identify(src/elke_ai) by extensions ['colcon_meta']
[1.092s] Level 1:colcon.colcon_core.package_identification:_identify(src/elke_ai) by extension 'colcon_meta'
[1.092s] Level 1:colcon.colcon_core.package_identification:_identify(src/elke_ai) by extensions ['ros']
[1.092s] Level 1:colcon.colcon_core.package_identification:_identify(src/elke_ai) by extension 'ros'
[1.101s] DEBUG:colcon.colcon_core.package_identification:Package 'src/elke_ai' with type 'ros.ament_python' and name 'elke_ai'
[1.101s] Level 1:colcon.colcon_core.package_discovery:discover_packages(recursive) using defaults
[1.101s] Level 1:colcon.colcon_core.package_discovery:discover_packages(ignore) discover
[1.101s] Level 1:colcon.colcon_core.package_discovery:discover_packages(ignore) using defaults
[1.101s] Level 1:colcon.colcon_core.package_discovery:discover_packages(path) discover
[1.101s] Level 1:colcon.colcon_core.package_discovery:discover_packages(path) using defaults
[1.197s] Level 1:colcon.colcon_core.package_discovery:discover_packages(prefix_path) check parameters
[1.197s] Level 1:colcon.colcon_core.package_discovery:discover_packages(prefix_path) discover
[1.301s] DEBUG:colcon.colcon_installed_package_information.package_discovery:Found 1 installed packages in /home/master/Elke/ros2_ws/install
[1.301s] DEBUG:colcon.colcon_installed_package_information.package_discovery:Found 1 installed packages in /home/master/micro_ros_agent_ws/install
[1.302s] DEBUG:colcon.colcon_installed_package_information.package_discovery:Found 286 installed packages in /opt/ros/jazzy
[1.303s] Level 1:colcon.colcon_core.package_discovery:discover_packages(prefix_path) using defaults
[1.410s] Level 5:colcon.colcon_core.verb:set package 'elke_ai' build argument 'cmake_args' from command line to 'None'
[1.410s] Level 5:colcon.colcon_core.verb:set package 'elke_ai' build argument 'cmake_target' from command line to 'None'
[1.410s] Level 5:colcon.colcon_core.verb:set package 'elke_ai' build argument 'cmake_target_skip_unavailable' from command line to 'False'
[1.410s] Level 5:colcon.colcon_core.verb:set package 'elke_ai' build argument 'cmake_clean_cache' from command line to 'False'
[1.410s] Level 5:colcon.colcon_core.verb:set package 'elke_ai' build argument 'cmake_clean_first' from command line to 'False'
[1.410s] Level 5:colcon.colcon_core.verb:set package 'elke_ai' build argument 'cmake_force_configure' from command line to 'False'
[1.410s] Level 5:colcon.colcon_core.verb:set package 'elke_ai' build argument 'ament_cmake_args' from command line to 'None'
[1.410s] Level 5:colcon.colcon_core.verb:set package 'elke_ai' build argument 'catkin_cmake_args' from command line to 'None'
[1.410s] Level 5:colcon.colcon_core.verb:set package 'elke_ai' build argument 'catkin_skip_building_tests' from command line to 'False'
[1.410s] DEBUG:colcon.colcon_core.verb:Building package 'elke_ai' with the following arguments: {'ament_cmake_args': None, 'build_base': '/home/master/Elke/ros2_ws/build/elke_ai', 'catkin_cmake_args': None, 'catkin_skip_building_tests': False, 'cmake_args': None, 'cmake_clean_cache': False, 'cmake_clean_first': False, 'cmake_force_configure': False, 'cmake_target': None, 'cmake_target_skip_unavailable': False, 'install_base': '/home/master/Elke/ros2_ws/install/elke_ai', 'merge_install': False, 'path': '/home/master/Elke/ros2_ws/src/elke_ai', 'symlink_install': True, 'test_result_base': None}
[1.410s] INFO:colcon.colcon_core.executor:Executing jobs using 'parallel' executor
[1.410s] DEBUG:colcon.colcon_parallel_executor.executor.parallel:run_until_complete
[1.411s] INFO:colcon.colcon_ros.task.ament_python.build:Building ROS package in '/home/master/Elke/ros2_ws/src/elke_ai' with build type 'ament_python'
[1.411s] Level 1:colcon.colcon_core.shell:create_environment_hook('elke_ai', 'ament_prefix_path')
[1.440s] INFO:colcon.colcon_core.plugin_system:Skipping extension 'colcon_core.shell.bat': Not used on non-Windows systems
[1.440s] INFO:colcon.colcon_core.shell:Creating environment hook '/home/master/Elke/ros2_ws/install/elke_ai/share/elke_ai/hook/ament_prefix_path.ps1'
[1.455s] INFO:colcon.colcon_core.shell:Creating environment descriptor '/home/master/Elke/ros2_ws/install/elke_ai/share/elke_ai/hook/ament_prefix_path.dsv'
[1.460s] INFO:colcon.colcon_core.shell:Creating environment hook '/home/master/Elke/ros2_ws/install/elke_ai/share/elke_ai/hook/ament_prefix_path.sh'
[1.460s] INFO:colcon.colcon_core.shell:Skip shell extension 'powershell' for command environment: Not usable outside of PowerShell
[1.460s] DEBUG:colcon.colcon_core.shell:Skip shell extension 'dsv' for command environment
[1.647s] INFO:colcon.colcon_core.task.python.build:Building Python package in '/home/master/Elke/ros2_ws/src/elke_ai'
[1.647s] INFO:colcon.colcon_core.shell:Skip shell extension 'powershell' for command environment: Not usable outside of PowerShell
[1.647s] DEBUG:colcon.colcon_core.shell:Skip shell extension 'dsv' for command environment
[5.144s] DEBUG:colcon.colcon_core.event_handler.log_command:Invoking command in '/home/master/Elke/ros2_ws/build/elke_ai': DEBUGINFOD_URLS=https://debuginfod.ubuntu.com PYTHONPATH=/home/master/Elke/ros2_ws/build/elke_ai/prefix_override:/usr/lib/python3/dist-packages/colcon_core/task/python/colcon_distutils_commands:/home/master/Elke/ros2_ws/install/elke_ai/lib/python3.12/site-packages:${PYTHONPATH} /usr/bin/python3 -W ignore:setup.py install is deprecated -W ignore:easy_install command is deprecated setup.py develop --editable --build-directory /home/master/Elke/ros2_ws/build/elke_ai/build --no-deps symlink_data
[5.437s] Level 1:colcon.colcon_core.shell:create_environment_hook('elke_ai', 'pythonpath_develop')
[5.437s] INFO:colcon.colcon_core.shell:Creating environment hook '/home/master/Elke/ros2_ws/build/elke_ai/share/elke_ai/hook/pythonpath_develop.ps1'
[5.437s] DEBUG:colcon.colcon_core.event_handler.log_command:Invoked command in '/home/master/Elke/ros2_ws/build/elke_ai' returned '0': DEBUGINFOD_URLS=https://debuginfod.ubuntu.com PYTHONPATH=/home/master/Elke/ros2_ws/build/elke_ai/prefix_override:/usr/lib/python3/dist-packages/colcon_core/task/python/colcon_distutils_commands:/home/master/Elke/ros2_ws/install/elke_ai/lib/python3.12/site-packages:${PYTHONPATH} /usr/bin/python3 -W ignore:setup.py install is deprecated -W ignore:easy_install command is deprecated setup.py develop --editable --build-directory /home/master/Elke/ros2_ws/build/elke_ai/build --no-deps symlink_data
[5.438s] INFO:colcon.colcon_core.shell:Creating environment descriptor '/home/master/Elke/ros2_ws/build/elke_ai/share/elke_ai/hook/pythonpath_develop.dsv'
[5.438s] INFO:colcon.colcon_core.shell:Creating environment hook '/home/master/Elke/ros2_ws/build/elke_ai/share/elke_ai/hook/pythonpath_develop.sh'
[5.478s] Level 1:colcon.colcon_core.environment:checking '/home/master/Elke/ros2_ws/install/elke_ai' for CMake module files
[5.479s] Level 1:colcon.colcon_core.environment:checking '/home/master/Elke/ros2_ws/install/elke_ai' for CMake config files
[5.479s] Level 1:colcon.colcon_core.environment:checking '/home/master/Elke/ros2_ws/install/elke_ai/lib'
[5.479s] Level 1:colcon.colcon_core.environment:checking '/home/master/Elke/ros2_ws/install/elke_ai/bin'
[5.479s] Level 1:colcon.colcon_core.environment:checking '/home/master/Elke/ros2_ws/install/elke_ai/lib/pkgconfig/elke_ai.pc'
[5.479s] Level 1:colcon.colcon_core.environment:checking '/home/master/Elke/ros2_ws/install/elke_ai/lib/python3.12/site-packages'
[5.479s] Level 1:colcon.colcon_core.shell:create_environment_hook('elke_ai', 'pythonpath')
[5.479s] INFO:colcon.colcon_core.shell:Creating environment hook '/home/master/Elke/ros2_ws/install/elke_ai/share/elke_ai/hook/pythonpath.ps1'
[5.480s] INFO:colcon.colcon_core.shell:Creating environment descriptor '/home/master/Elke/ros2_ws/install/elke_ai/share/elke_ai/hook/pythonpath.dsv'
[5.480s] INFO:colcon.colcon_core.shell:Creating environment hook '/home/master/Elke/ros2_ws/install/elke_ai/share/elke_ai/hook/pythonpath.sh'
[5.480s] Level 1:colcon.colcon_core.environment:checking '/home/master/Elke/ros2_ws/install/elke_ai/bin'
[5.480s] Level 1:colcon.colcon_core.environment:create_environment_scripts_only(elke_ai)
[5.480s] INFO:colcon.colcon_core.shell:Creating package script '/home/master/Elke/ros2_ws/install/elke_ai/share/elke_ai/package.ps1'
[5.489s] INFO:colcon.colcon_core.shell:Creating package descriptor '/home/master/Elke/ros2_ws/install/elke_ai/share/elke_ai/package.dsv'
[5.494s] INFO:colcon.colcon_core.shell:Creating package script '/home/master/Elke/ros2_ws/install/elke_ai/share/elke_ai/package.sh'
[5.494s] INFO:colcon.colcon_core.shell:Creating package script '/home/master/Elke/ros2_ws/install/elke_ai/share/elke_ai/package.bash'
[5.496s] INFO:colcon.colcon_core.shell:Creating package script '/home/master/Elke/ros2_ws/install/elke_ai/share/elke_ai/package.zsh'
[5.503s] Level 1:colcon.colcon_core.environment:create_file_with_runtime_dependencies(/home/master/Elke/ros2_ws/install/elke_ai/share/colcon-core/packages/elke_ai)
[5.503s] DEBUG:colcon.colcon_parallel_executor.executor.parallel:closing loop
[5.503s] DEBUG:colcon.colcon_parallel_executor.executor.parallel:loop closed
[5.503s] DEBUG:colcon.colcon_parallel_executor.executor.parallel:run_until_complete finished with '0'
[5.503s] DEBUG:colcon.colcon_core.event_reactor:joining thread
[5.507s] INFO:colcon.colcon_core.plugin_system:Skipping extension 'colcon_notification.desktop_notification.terminal_notifier': Not used on non-Darwin systems
[5.507s] INFO:colcon.colcon_core.plugin_system:Skipping extension 'colcon_notification.desktop_notification.win32': Not used on non-Windows systems
[5.507s] INFO:colcon.colcon_notification.desktop_notification:Sending desktop notification using 'notify2'
[5.520s] DEBUG:colcon.colcon_core.event_reactor:joined thread
[5.520s] INFO:colcon.colcon_core.shell:Creating prefix script '/home/master/Elke/ros2_ws/install/local_setup.ps1'
[5.541s] INFO:colcon.colcon_core.shell:Creating prefix util module '/home/master/Elke/ros2_ws/install/_local_setup_util_ps1.py'
[5.542s] INFO:colcon.colcon_core.shell:Creating prefix chain script '/home/master/Elke/ros2_ws/install/setup.ps1'
[5.543s] INFO:colcon.colcon_core.shell:Creating prefix script '/home/master/Elke/ros2_ws/install/local_setup.sh'
[5.565s] INFO:colcon.colcon_core.shell:Creating prefix util module '/home/master/Elke/ros2_ws/install/_local_setup_util_sh.py'
[5.566s] INFO:colcon.colcon_core.shell:Creating prefix chain script '/home/master/Elke/ros2_ws/install/setup.sh'
[5.566s] INFO:colcon.colcon_core.shell:Creating prefix script '/home/master/Elke/ros2_ws/install/local_setup.bash'
[5.568s] INFO:colcon.colcon_core.shell:Creating prefix chain script '/home/master/Elke/ros2_ws/install/setup.bash'
[5.586s] INFO:colcon.colcon_core.shell:Creating prefix script '/home/master/Elke/ros2_ws/install/local_setup.zsh'
[5.587s] INFO:colcon.colcon_core.shell:Creating prefix chain script '/home/master/Elke/ros2_ws/install/setup.zsh'
